e:\semester 2\mathematics and 2d computer graphics\workshops\week 2\sfml_zombiegame\tutpart2\debug\vc141.pdb
e:\semester 2\mathematics and 2d computer graphics\workshops\week 2\sfml_zombiegame\tutpart2\debug\vc141.idb
e:\semester 2\mathematics and 2d computer graphics\workshops\week 2\sfml_zombiegame\tutpart2\debug\tutpart2.obj
e:\semester 2\mathematics and 2d computer graphics\workshops\week 2\sfml_zombiegame\tutpart2\debug\sfml_titlescreen.obj
e:\semester 2\mathematics and 2d computer graphics\workshops\week 2\sfml_zombiegame\tutpart2\debug\sfml_spriteobject.obj
e:\semester 2\mathematics and 2d computer graphics\workshops\week 2\sfml_zombiegame\tutpart2\debug\sfml_spriteanimation.obj
e:\semester 2\mathematics and 2d computer graphics\workshops\week 2\sfml_zombiegame\tutpart2\debug\sfml_playablespriteobject.obj
e:\semester 2\mathematics and 2d computer graphics\workshops\week 2\sfml_zombiegame\tutpart2\debug\sfml_optionmenu.obj
e:\semester 2\mathematics and 2d computer graphics\workshops\week 2\sfml_zombiegame\tutpart2\debug\sfml_npcspriteobject.obj
e:\semester 2\mathematics and 2d computer graphics\workshops\week 2\sfml_zombiegame\tutpart2\debug\sfml_gameworldlayer.obj
e:\semester 2\mathematics and 2d computer graphics\workshops\week 2\sfml_zombiegame\tutpart2\debug\sfml_gameworld.obj
e:\semester 2\mathematics and 2d computer graphics\workshops\week 2\sfml_zombiegame\tutpart2\debug\sfml_gamemenu.obj
e:\semester 2\mathematics and 2d computer graphics\workshops\week 2\sfml_zombiegame\tutpart2\debug\sfml_bulletspriteobject.obj
e:\semester 2\mathematics and 2d computer graphics\workshops\week 2\sfml_zombiegame\tutpart2\debug\sfml_application.obj
e:\semester 2\mathematics and 2d computer graphics\workshops\week 2\sfml_zombiegame\tutpart2\debug\sfml_animatedspriteobject.obj
e:\semester 2\mathematics and 2d computer graphics\workshops\week 2\sfml_zombiegame\tutpart2\debug\sfml_2dcamera.obj
e:\semester 2\mathematics and 2d computer graphics\workshops\week 2\sfml_zombiegame\debug\sfml_zombiegame.exe
e:\semester 2\mathematics and 2d computer graphics\workshops\week 2\sfml_zombiegame\debug\sfml_zombiegame.ilk
e:\semester 2\mathematics and 2d computer graphics\workshops\week 2\sfml_zombiegame\debug\sfml_zombiegame.pdb
e:\semester 2\mathematics and 2d computer graphics\workshops\week 2\sfml_zombiegame\tutpart2\debug\sfml_zombiegame.tlog\cl.read.1.tlog
e:\semester 2\mathematics and 2d computer graphics\workshops\week 2\sfml_zombiegame\tutpart2\debug\sfml_zombiegame.tlog\cl.write.1.tlog
e:\semester 2\mathematics and 2d computer graphics\workshops\week 2\sfml_zombiegame\tutpart2\debug\sfml_zombiegame.tlog\cl.command.1.tlog
e:\semester 2\mathematics and 2d computer graphics\workshops\week 2\sfml_zombiegame\tutpart2\debug\sfml_zombiegame.tlog\link.read.1.tlog
e:\semester 2\mathematics and 2d computer graphics\workshops\week 2\sfml_zombiegame\tutpart2\debug\sfml_zombiegame.tlog\link.write.1.tlog
e:\semester 2\mathematics and 2d computer graphics\workshops\week 2\sfml_zombiegame\tutpart2\debug\sfml_zombiegame.tlog\link.command.1.tlog
